This file contains any messages produced by compilers while
running configure, to aid debugging if configure makes a mistake.

It was created by libupnp configure 1.6.0, which was
generated by GNU Autoconf 2.60.  Invocation command line was

  $ ./configure --host=arm-none-linux-gnueabi --prefix=/Users/dkirker/projects/webOS/Muses/libs/ -exec-prefix=/Users/dkirker/projects/webOS/Muses/libs/

## --------- ##
## Platform. ##
## --------- ##

hostname = flying-toaster
uname -m = i386
uname -r = 10.8.0
uname -s = Darwin
uname -v = Darwin Kernel Version 10.8.0: Tue Jun  7 16:33:36 PDT 2011; root:xnu-1504.15.3~1/RELEASE_I386

/usr/bin/uname -p = i386
/bin/uname -X     = unknown

/bin/arch              = unknown
/usr/bin/arch -k       = unknown
/usr/convex/getsysinfo = unknown
/usr/bin/hostinfo      = Mach kernel version:
	 Darwin Kernel Version 10.8.0: Tue Jun  7 16:33:36 PDT 2011; root:xnu-1504.15.3~1/RELEASE_I386
Kernel configured for up to 2 processors.
2 processors are physically available.
2 processors are logically available.
Processor type: i486 (Intel 80486)
Processors active: 0 1
Primary memory available: 4.00 gigabytes
Default processor set: 145 tasks, 752 threads, 2 processors
Load average: 1.04, Mach factor: 1.05
/bin/machine           = unknown
/usr/bin/oslevel       = unknown
/bin/universe          = unknown

PATH: /opt/local/bin
PATH: /opt/local/sbin
PATH: /opt/sshfs/bin/
PATH: /opt/subversion/bin/
PATH: /opt/local/bin
PATH: /opt/local/sbin
PATH: /sw/bin
PATH: /sw/sbin
PATH: /Users/dkirker/Desktop/Development/Android/android-ndk-r4b/build/prebuilt/darwin-x86/arm-eabi-4.2.1/bin
PATH: /bin
PATH: /sbin
PATH: /usr/bin
PATH: /usr/local/bin
PATH: /usr/sbin
PATH: /usr/local/bin
PATH: /usr/local/git/bin
PATH: /opt/PalmSDK/Current/bin/
PATH: /opt/PalmPDK/arm-gcc/bin/
PATH: /opt/PalmPDK/bin/
PATH: /usr/X11R6/bin


## ----------- ##
## Core tests. ##
## ----------- ##

configure:2063: checking for a BSD-compatible install
configure:2119: result: /usr/bin/install -c
configure:2130: checking whether build environment is sane
configure:2173: result: yes
configure:2238: checking for gawk
configure:2268: result: no
configure:2238: checking for mawk
configure:2268: result: no
configure:2238: checking for nawk
configure:2268: result: no
configure:2238: checking for awk
configure:2254: found /usr/bin/awk
configure:2265: result: awk
configure:2276: checking whether make sets $(MAKE)
configure:2297: result: yes
configure:2373: checking for arm-none-linux-gnueabi-strip
configure:2389: found /opt/PalmPDK/arm-gcc/bin//arm-none-linux-gnueabi-strip
configure:2400: result: arm-none-linux-gnueabi-strip
configure:2491: checking build system type
configure:2509: result: i386-apple-darwin10.8.0
configure:2531: checking host system type
configure:2546: result: arm-none-linux-gnueabi
configure:2615: checking for --enable-debug
configure:2623: result: no
configure:2665: checking for --enable-client
configure:2673: result: yes
configure:2695: checking for --enable-device
configure:2703: result: yes
configure:2728: checking for --enable-webserver
configure:2736: result: yes
configure:2769: checking for --enable-tools
configure:2777: result: yes
configure:2799: checking for --enable-samples
configure:2807: result: yes
configure:2827: checking for documentation directory
configure:2853: result: ${datarootdir}/doc/libupnp-1.6.0
configure:2868: checking for arm-none-linux-gnueabi-gcc
configure:2884: found /opt/PalmPDK/arm-gcc/bin//arm-none-linux-gnueabi-gcc
configure:2895: result: arm-none-linux-gnueabi-gcc
configure:3173: checking for C compiler version
configure:3180: arm-none-linux-gnueabi-gcc --version >&5
arm-none-linux-gnueabi-gcc (GCC) 4.3.3
Copyright (C) 2008 Free Software Foundation, Inc.
This is free software; see the source for copying conditions.  There is NO
warranty; not even for MERCHANTABILITY or FITNESS FOR A PARTICULAR PURPOSE.

configure:3183: $? = 0
configure:3190: arm-none-linux-gnueabi-gcc -v >&5
Using built-in specs.
Target: arm-none-linux-gnueabi
Configured with: ../../gcc/configure --target=arm-none-linux-gnueabi --prefix=/opt/PalmPDK/arm-gcc --enable-languages=c,c++ --with-mpfr=/Users/sukhgosal/src/toolchain/RESULTS/mpfr --with-gmp=/Users/sukhgosal/src/toolchain/RESULTS/gmp --program-prefix=arm-none-linux-gnueabi- --with-sysroot=/opt/PalmPDK/arm-gcc/sysroot
Thread model: posix
gcc version 4.3.3 (GCC) 
configure:3193: $? = 0
configure:3200: arm-none-linux-gnueabi-gcc -V >&5
arm-none-linux-gnueabi-gcc: '-V' option must have argument
configure:3203: $? = 1
configure:3226: checking for C compiler default output file name
configure:3253: arm-none-linux-gnueabi-gcc    conftest.c  >&5
configure:3256: $? = 0
configure:3302: result: a.out
configure:3307: checking whether the C compiler works
configure:3317: ./a.out
./configure: line 3318: ./a.out: cannot execute binary file
configure:3320: $? = 126
configure:3337: result: yes
configure:3344: checking whether we are cross compiling
configure:3346: result: yes
configure:3349: checking for suffix of executables
configure:3356: arm-none-linux-gnueabi-gcc -o conftest    conftest.c  >&5
configure:3359: $? = 0
configure:3383: result: 
configure:3389: checking for suffix of object files
configure:3415: arm-none-linux-gnueabi-gcc -c   conftest.c >&5
configure:3418: $? = 0
configure:3441: result: o
configure:3445: checking whether we are using the GNU C compiler
configure:3474: arm-none-linux-gnueabi-gcc -c   conftest.c >&5
configure:3480: $? = 0
configure:3487: test -z "$ac_c_werror_flag" || test ! -s conftest.err
configure:3490: $? = 0
configure:3497: test -s conftest.o
configure:3500: $? = 0
configure:3514: result: yes
configure:3519: checking whether arm-none-linux-gnueabi-gcc accepts -g
configure:3549: arm-none-linux-gnueabi-gcc -c -g  conftest.c >&5
configure:3555: $? = 0
configure:3562: test -z "$ac_c_werror_flag" || test ! -s conftest.err
configure:3565: $? = 0
configure:3572: test -s conftest.o
configure:3575: $? = 0
configure:3705: result: yes
configure:3722: checking for arm-none-linux-gnueabi-gcc option to accept ISO C89
configure:3796: arm-none-linux-gnueabi-gcc  -c -g -O2  conftest.c >&5
configure:3802: $? = 0
configure:3809: test -z "$ac_c_werror_flag" || test ! -s conftest.err
configure:3812: $? = 0
configure:3819: test -s conftest.o
configure:3822: $? = 0
configure:3842: result: none needed
configure:3871: checking for style of include used by make
configure:3899: result: GNU
configure:3927: checking dependency style of arm-none-linux-gnueabi-gcc
configure:4017: result: gcc3
configure:4035: checking whether arm-none-linux-gnueabi-gcc and cc understand -c and -o together
configure:4070: arm-none-linux-gnueabi-gcc -c conftest.c -o conftest2.o >&5
configure:4073: $? = 0
configure:4079: arm-none-linux-gnueabi-gcc -c conftest.c -o conftest2.o >&5
configure:4082: $? = 0
configure:4093: cc -c conftest.c >&5
configure:4096: $? = 0
configure:4104: cc -c conftest.c -o conftest2.o >&5
configure:4107: $? = 0
configure:4113: cc -c conftest.c -o conftest2.o >&5
configure:4116: $? = 0
configure:4134: result: yes
configure:4231: checking for a sed that does not truncate output
configure:4285: result: /usr/bin/sed
configure:4288: checking for grep that handles long lines and -e
configure:4362: result: /usr/bin/grep
configure:4367: checking for egrep
configure:4445: result: /usr/bin/grep -E
configure:4461: checking for ld used by arm-none-linux-gnueabi-gcc
configure:4528: result: /opt/PalmPDK/arm-gcc/arm-none-linux-gnueabi/bin/ld
configure:4537: checking if the linker (/opt/PalmPDK/arm-gcc/arm-none-linux-gnueabi/bin/ld) is GNU ld
configure:4552: result: yes
configure:4557: checking for /opt/PalmPDK/arm-gcc/arm-none-linux-gnueabi/bin/ld option to reload object files
configure:4564: result: -r
configure:4582: checking for BSD-compatible nm
configure:4631: result: /opt/PalmPDK/arm-gcc/bin//arm-none-linux-gnueabi-nm -B
configure:4635: checking whether ln -s works
configure:4639: result: yes
configure:4646: checking how to recognise dependent libraries
configure:4822: result: pass_all
configure:5072: checking how to run the C preprocessor
configure:5112: arm-none-linux-gnueabi-gcc -E  conftest.c
configure:5118: $? = 0
configure:5156: arm-none-linux-gnueabi-gcc -E  conftest.c
conftest.c:20:28: error: ac_nonexistent.h: No such file or directory
configure:5162: $? = 1
configure: failed program was:
| /* confdefs.h.  */
| #define PACKAGE_NAME "libupnp"
| #define PACKAGE_TARNAME "libupnp"
| #define PACKAGE_VERSION "1.6.0"
| #define PACKAGE_STRING "libupnp 1.6.0"
| #define PACKAGE_BUGREPORT "mroberto@users.sourceforge.net"
| #define PACKAGE "libupnp"
| #define VERSION "1.6.0"
| #define UPNP_VERSION_STRING "1.6.0"
| #define UPNP_VERSION_MAJOR 1
| #define UPNP_VERSION_MINOR 6
| #define UPNP_VERSION_PATCH 0
| #define NO_DEBUG 1
| #define NDEBUG 1
| #define UPNP_HAVE_CLIENT 1
| #define UPNP_HAVE_DEVICE 1
| #define UPNP_HAVE_WEBSERVER 1
| #define UPNP_HAVE_TOOLS 1
| /* end confdefs.h.  */
| #include <ac_nonexistent.h>
configure:5202: result: arm-none-linux-gnueabi-gcc -E
configure:5231: arm-none-linux-gnueabi-gcc -E  conftest.c
configure:5237: $? = 0
configure:5275: arm-none-linux-gnueabi-gcc -E  conftest.c
conftest.c:20:28: error: ac_nonexistent.h: No such file or directory
configure:5281: $? = 1
configure: failed program was:
| /* confdefs.h.  */
| #define PACKAGE_NAME "libupnp"
| #define PACKAGE_TARNAME "libupnp"
| #define PACKAGE_VERSION "1.6.0"
| #define PACKAGE_STRING "libupnp 1.6.0"
| #define PACKAGE_BUGREPORT "mroberto@users.sourceforge.net"
| #define PACKAGE "libupnp"
| #define VERSION "1.6.0"
| #define UPNP_VERSION_STRING "1.6.0"
| #define UPNP_VERSION_MAJOR 1
| #define UPNP_VERSION_MINOR 6
| #define UPNP_VERSION_PATCH 0
| #define NO_DEBUG 1
| #define NDEBUG 1
| #define UPNP_HAVE_CLIENT 1
| #define UPNP_HAVE_DEVICE 1
| #define UPNP_HAVE_WEBSERVER 1
| #define UPNP_HAVE_TOOLS 1
| /* end confdefs.h.  */
| #include <ac_nonexistent.h>
configure:5326: checking for ANSI C header files
configure:5356: arm-none-linux-gnueabi-gcc -c -g -O2  conftest.c >&5
configure:5362: $? = 0
configure:5369: test -z "$ac_c_werror_flag" || test ! -s conftest.err
configure:5372: $? = 0
configure:5379: test -s conftest.o
configure:5382: $? = 0
configure:5507: result: yes
configure:5531: checking for sys/types.h
configure:5552: arm-none-linux-gnueabi-gcc -c -g -O2  conftest.c >&5
configure:5558: $? = 0
configure:5565: test -z "$ac_c_werror_flag" || test ! -s conftest.err
configure:5568: $? = 0
configure:5575: test -s conftest.o
configure:5578: $? = 0
configure:5591: result: yes
configure:5531: checking for sys/stat.h
configure:5552: arm-none-linux-gnueabi-gcc -c -g -O2  conftest.c >&5
configure:5558: $? = 0
configure:5565: test -z "$ac_c_werror_flag" || test ! -s conftest.err
configure:5568: $? = 0
configure:5575: test -s conftest.o
configure:5578: $? = 0
configure:5591: result: yes
configure:5531: checking for stdlib.h
configure:5552: arm-none-linux-gnueabi-gcc -c -g -O2  conftest.c >&5
configure:5558: $? = 0
configure:5565: test -z "$ac_c_werror_flag" || test ! -s conftest.err
configure:5568: $? = 0
configure:5575: test -s conftest.o
configure:5578: $? = 0
configure:5591: result: yes
configure:5531: checking for string.h
configure:5552: arm-none-linux-gnueabi-gcc -c -g -O2  conftest.c >&5
configure:5558: $? = 0
configure:5565: test -z "$ac_c_werror_flag" || test ! -s conftest.err
configure:5568: $? = 0
configure:5575: test -s conftest.o
configure:5578: $? = 0
configure:5591: result: yes
configure:5531: checking for memory.h
configure:5552: arm-none-linux-gnueabi-gcc -c -g -O2  conftest.c >&5
configure:5558: $? = 0
configure:5565: test -z "$ac_c_werror_flag" || test ! -s conftest.err
configure:5568: $? = 0
configure:5575: test -s conftest.o
configure:5578: $? = 0
configure:5591: result: yes
configure:5531: checking for strings.h
configure:5552: arm-none-linux-gnueabi-gcc -c -g -O2  conftest.c >&5
configure:5558: $? = 0
configure:5565: test -z "$ac_c_werror_flag" || test ! -s conftest.err
configure:5568: $? = 0
configure:5575: test -s conftest.o
configure:5578: $? = 0
configure:5591: result: yes
configure:5531: checking for inttypes.h
configure:5552: arm-none-linux-gnueabi-gcc -c -g -O2  conftest.c >&5
configure:5558: $? = 0
configure:5565: test -z "$ac_c_werror_flag" || test ! -s conftest.err
configure:5568: $? = 0
configure:5575: test -s conftest.o
configure:5578: $? = 0
configure:5591: result: yes
configure:5531: checking for stdint.h
configure:5552: arm-none-linux-gnueabi-gcc -c -g -O2  conftest.c >&5
configure:5558: $? = 0
configure:5565: test -z "$ac_c_werror_flag" || test ! -s conftest.err
configure:5568: $? = 0
configure:5575: test -s conftest.o
configure:5578: $? = 0
configure:5591: result: yes
configure:5531: checking for unistd.h
configure:5552: arm-none-linux-gnueabi-gcc -c -g -O2  conftest.c >&5
configure:5558: $? = 0
configure:5565: test -z "$ac_c_werror_flag" || test ! -s conftest.err
configure:5568: $? = 0
configure:5575: test -s conftest.o
configure:5578: $? = 0
configure:5591: result: yes
configure:5618: checking dlfcn.h usability
configure:5635: arm-none-linux-gnueabi-gcc -c -g -O2  conftest.c >&5
configure:5641: $? = 0
configure:5648: test -z "$ac_c_werror_flag" || test ! -s conftest.err
configure:5651: $? = 0
configure:5658: test -s conftest.o
configure:5661: $? = 0
configure:5672: result: yes
configure:5676: checking dlfcn.h presence
configure:5691: arm-none-linux-gnueabi-gcc -E  conftest.c
configure:5697: $? = 0
configure:5718: result: yes
configure:5751: checking for dlfcn.h
configure:5759: result: yes
configure:5786: checking for arm-none-linux-gnueabi-g++
configure:5802: found /opt/PalmPDK/arm-gcc/bin//arm-none-linux-gnueabi-g++
configure:5813: result: arm-none-linux-gnueabi-g++
configure:5888: checking for C++ compiler version
configure:5895: arm-none-linux-gnueabi-g++ --version >&5
arm-none-linux-gnueabi-g++ (GCC) 4.3.3
Copyright (C) 2008 Free Software Foundation, Inc.
This is free software; see the source for copying conditions.  There is NO
warranty; not even for MERCHANTABILITY or FITNESS FOR A PARTICULAR PURPOSE.

configure:5898: $? = 0
configure:5905: arm-none-linux-gnueabi-g++ -v >&5
Using built-in specs.
Target: arm-none-linux-gnueabi
Configured with: ../../gcc/configure --target=arm-none-linux-gnueabi --prefix=/opt/PalmPDK/arm-gcc --enable-languages=c,c++ --with-mpfr=/Users/sukhgosal/src/toolchain/RESULTS/mpfr --with-gmp=/Users/sukhgosal/src/toolchain/RESULTS/gmp --program-prefix=arm-none-linux-gnueabi- --with-sysroot=/opt/PalmPDK/arm-gcc/sysroot
Thread model: posix
gcc version 4.3.3 (GCC) 
configure:5908: $? = 0
configure:5915: arm-none-linux-gnueabi-g++ -V >&5
arm-none-linux-gnueabi-g++: '-V' option must have argument
configure:5918: $? = 1
configure:5921: checking whether we are using the GNU C++ compiler
configure:5950: arm-none-linux-gnueabi-g++ -c   conftest.cpp >&5
configure:5956: $? = 0
configure:5963: test -z "$ac_cxx_werror_flag" || test ! -s conftest.err
configure:5966: $? = 0
configure:5973: test -s conftest.o
configure:5976: $? = 0
configure:5990: result: yes
configure:5995: checking whether arm-none-linux-gnueabi-g++ accepts -g
configure:6025: arm-none-linux-gnueabi-g++ -c -g  conftest.cpp >&5
configure:6031: $? = 0
configure:6038: test -z "$ac_cxx_werror_flag" || test ! -s conftest.err
configure:6041: $? = 0
configure:6048: test -s conftest.o
configure:6051: $? = 0
configure:6181: result: yes
configure:6206: checking dependency style of arm-none-linux-gnueabi-g++
configure:6296: result: gcc3
configure:6323: checking how to run the C++ preprocessor
configure:6359: arm-none-linux-gnueabi-g++ -E  conftest.cpp
configure:6365: $? = 0
configure:6403: arm-none-linux-gnueabi-g++ -E  conftest.cpp
conftest.cpp:31:28: error: ac_nonexistent.h: No such file or directory
configure:6409: $? = 1
configure: failed program was:
| /* confdefs.h.  */
| #define PACKAGE_NAME "libupnp"
| #define PACKAGE_TARNAME "libupnp"
| #define PACKAGE_VERSION "1.6.0"
| #define PACKAGE_STRING "libupnp 1.6.0"
| #define PACKAGE_BUGREPORT "mroberto@users.sourceforge.net"
| #define PACKAGE "libupnp"
| #define VERSION "1.6.0"
| #define UPNP_VERSION_STRING "1.6.0"
| #define UPNP_VERSION_MAJOR 1
| #define UPNP_VERSION_MINOR 6
| #define UPNP_VERSION_PATCH 0
| #define NO_DEBUG 1
| #define NDEBUG 1
| #define UPNP_HAVE_CLIENT 1
| #define UPNP_HAVE_DEVICE 1
| #define UPNP_HAVE_WEBSERVER 1
| #define UPNP_HAVE_TOOLS 1
| #define STDC_HEADERS 1
| #define HAVE_SYS_TYPES_H 1
| #define HAVE_SYS_STAT_H 1
| #define HAVE_STDLIB_H 1
| #define HAVE_STRING_H 1
| #define HAVE_MEMORY_H 1
| #define HAVE_STRINGS_H 1
| #define HAVE_INTTYPES_H 1
| #define HAVE_STDINT_H 1
| #define HAVE_UNISTD_H 1
| #define HAVE_DLFCN_H 1
| /* end confdefs.h.  */
| #include <ac_nonexistent.h>
configure:6449: result: arm-none-linux-gnueabi-g++ -E
configure:6478: arm-none-linux-gnueabi-g++ -E  conftest.cpp
configure:6484: $? = 0
configure:6522: arm-none-linux-gnueabi-g++ -E  conftest.cpp
conftest.cpp:31:28: error: ac_nonexistent.h: No such file or directory
configure:6528: $? = 1
configure: failed program was:
| /* confdefs.h.  */
| #define PACKAGE_NAME "libupnp"
| #define PACKAGE_TARNAME "libupnp"
| #define PACKAGE_VERSION "1.6.0"
| #define PACKAGE_STRING "libupnp 1.6.0"
| #define PACKAGE_BUGREPORT "mroberto@users.sourceforge.net"
| #define PACKAGE "libupnp"
| #define VERSION "1.6.0"
| #define UPNP_VERSION_STRING "1.6.0"
| #define UPNP_VERSION_MAJOR 1
| #define UPNP_VERSION_MINOR 6
| #define UPNP_VERSION_PATCH 0
| #define NO_DEBUG 1
| #define NDEBUG 1
| #define UPNP_HAVE_CLIENT 1
| #define UPNP_HAVE_DEVICE 1
| #define UPNP_HAVE_WEBSERVER 1
| #define UPNP_HAVE_TOOLS 1
| #define STDC_HEADERS 1
| #define HAVE_SYS_TYPES_H 1
| #define HAVE_SYS_STAT_H 1
| #define HAVE_STDLIB_H 1
| #define HAVE_STRING_H 1
| #define HAVE_MEMORY_H 1
| #define HAVE_STRINGS_H 1
| #define HAVE_INTTYPES_H 1
| #define HAVE_STDINT_H 1
| #define HAVE_UNISTD_H 1
| #define HAVE_DLFCN_H 1
| /* end confdefs.h.  */
| #include <ac_nonexistent.h>
configure:6584: checking for arm-none-linux-gnueabi-g77
configure:6614: result: no
configure:6584: checking for arm-none-linux-gnueabi-f77
configure:6614: result: no
configure:6584: checking for arm-none-linux-gnueabi-xlf
configure:6614: result: no
configure:6584: checking for arm-none-linux-gnueabi-frt
configure:6614: result: no
configure:6584: checking for arm-none-linux-gnueabi-pgf77
configure:6614: result: no
configure:6584: checking for arm-none-linux-gnueabi-cf77
configure:6614: result: no
configure:6584: checking for arm-none-linux-gnueabi-fort77
configure:6614: result: no
configure:6584: checking for arm-none-linux-gnueabi-fl32
configure:6614: result: no
configure:6584: checking for arm-none-linux-gnueabi-af77
configure:6614: result: no
configure:6584: checking for arm-none-linux-gnueabi-f90
configure:6614: result: no
configure:6584: checking for arm-none-linux-gnueabi-xlf90
configure:6614: result: no
configure:6584: checking for arm-none-linux-gnueabi-pgf90
configure:6614: result: no
configure:6584: checking for arm-none-linux-gnueabi-pghpf
configure:6614: result: no
configure:6584: checking for arm-none-linux-gnueabi-epcf90
configure:6614: result: no
configure:6584: checking for arm-none-linux-gnueabi-gfortran
configure:6614: result: no
configure:6584: checking for arm-none-linux-gnueabi-g95
configure:6614: result: no
configure:6584: checking for arm-none-linux-gnueabi-f95
configure:6614: result: no
configure:6584: checking for arm-none-linux-gnueabi-fort
configure:6614: result: no
configure:6584: checking for arm-none-linux-gnueabi-xlf95
configure:6614: result: no
configure:6584: checking for arm-none-linux-gnueabi-ifort
configure:6614: result: no
configure:6584: checking for arm-none-linux-gnueabi-ifc
configure:6614: result: no
configure:6584: checking for arm-none-linux-gnueabi-efc
configure:6614: result: no
configure:6584: checking for arm-none-linux-gnueabi-pgf95
configure:6614: result: no
configure:6584: checking for arm-none-linux-gnueabi-lf95
configure:6614: result: no
configure:6584: checking for arm-none-linux-gnueabi-ftn
configure:6614: result: no
configure:6628: checking for g77
configure:6658: result: no
configure:6628: checking for f77
configure:6658: result: no
configure:6628: checking for xlf
configure:6658: result: no
configure:6628: checking for frt
configure:6658: result: no
configure:6628: checking for pgf77
configure:6658: result: no
configure:6628: checking for cf77
configure:6658: result: no
configure:6628: checking for fort77
configure:6658: result: no
configure:6628: checking for fl32
configure:6658: result: no
configure:6628: checking for af77
configure:6658: result: no
configure:6628: checking for f90
configure:6658: result: no
configure:6628: checking for xlf90
configure:6658: result: no
configure:6628: checking for pgf90
configure:6658: result: no
configure:6628: checking for pghpf
configure:6658: result: no
configure:6628: checking for epcf90
configure:6658: result: no
configure:6628: checking for gfortran
configure:6658: result: no
configure:6628: checking for g95
configure:6658: result: no
configure:6628: checking for f95
configure:6658: result: no
configure:6628: checking for fort
configure:6658: result: no
configure:6628: checking for xlf95
configure:6658: result: no
configure:6628: checking for ifort
configure:6658: result: no
configure:6628: checking for ifc
configure:6658: result: no
configure:6628: checking for efc
configure:6658: result: no
configure:6628: checking for pgf95
configure:6658: result: no
configure:6628: checking for lf95
configure:6658: result: no
configure:6628: checking for ftn
configure:6658: result: no
configure:6685: checking for Fortran 77 compiler version
configure:6692:  --version >&5
./configure: line 6693: --version: command not found
configure:6695: $? = 127
configure:6702:  -v >&5
./configure: line 6703: -v: command not found
configure:6705: $? = 127
configure:6712:  -V >&5
./configure: line 6713: -V: command not found
configure:6715: $? = 127
configure:6723: checking whether we are using the GNU Fortran 77 compiler
configure:6742:  -c  conftest.F >&5
./configure: line 6743: -c: command not found
configure:6748: $? = 127
configure: failed program was:
|       program main
| #ifndef __GNUC__
|        choke me
| #endif
| 
|       end
configure:6782: result: no
configure:6788: checking whether  accepts -g
configure:6805:  -c -g conftest.f >&5
./configure: line 6806: -c: command not found
configure:6811: $? = 127
configure: failed program was:
|       program main
| 
|       end
configure:6844: result: no
configure:6874: checking the maximum length of command line arguments
configure:6983: result: 196608
configure:6994: checking command to parse /opt/PalmPDK/arm-gcc/bin//arm-none-linux-gnueabi-nm -B output from arm-none-linux-gnueabi-gcc object
configure:7099: arm-none-linux-gnueabi-gcc -c -g -O2  conftest.c >&5
configure:7102: $? = 0
configure:7106: /opt/PalmPDK/arm-gcc/bin//arm-none-linux-gnueabi-nm -B conftest.o \| sed -n -e 's/^.*[ 	]\([ABCDGIRSTW][ABCDGIRSTW]*\)[ 	][ 	]*\([_A-Za-z][_A-Za-z0-9]*\)$/\1 \2 \2/p' \> conftest.nm
configure:7109: $? = 0
configure:7161: arm-none-linux-gnueabi-gcc -o conftest -g -O2   conftest.c conftstm.o >&5
configure:7164: $? = 0
configure:7202: result: ok
configure:7206: checking for objdir
configure:7221: result: .libs
configure:7273: checking for arm-none-linux-gnueabi-ar
configure:7289: found /opt/PalmPDK/arm-gcc/bin//arm-none-linux-gnueabi-ar
configure:7300: result: arm-none-linux-gnueabi-ar
configure:7369: checking for arm-none-linux-gnueabi-ranlib
configure:7385: found /opt/PalmPDK/arm-gcc/bin//arm-none-linux-gnueabi-ranlib
configure:7396: result: arm-none-linux-gnueabi-ranlib
configure:7465: checking for arm-none-linux-gnueabi-strip
configure:7492: result: arm-none-linux-gnueabi-strip
configure:7818: checking if arm-none-linux-gnueabi-gcc supports -fno-rtti -fno-exceptions
configure:7836: arm-none-linux-gnueabi-gcc -c -g -O2  -fno-rtti -fno-exceptions conftest.c >&5
cc1: warning: command line option "-fno-rtti" is valid for C++/ObjC++ but not for C
configure:7840: $? = 0
configure:7853: result: no
configure:7868: checking for arm-none-linux-gnueabi-gcc option to produce PIC
configure:8078: result: -fPIC
configure:8086: checking if arm-none-linux-gnueabi-gcc PIC flag -fPIC works
configure:8104: arm-none-linux-gnueabi-gcc -c -g -O2  -fPIC -DPIC conftest.c >&5
configure:8108: $? = 0
configure:8121: result: yes
configure:8149: checking if arm-none-linux-gnueabi-gcc static flag -static works
configure:8177: result: yes
configure:8187: checking if arm-none-linux-gnueabi-gcc supports -c -o file.o
configure:8208: arm-none-linux-gnueabi-gcc -c -g -O2  -o out/conftest2.o conftest.c >&5
configure:8212: $? = 0
configure:8234: result: yes
configure:8260: checking whether the arm-none-linux-gnueabi-gcc linker (/opt/PalmPDK/arm-gcc/arm-none-linux-gnueabi/bin/ld) supports shared libraries
configure:9246: result: yes
configure:9267: checking whether -lc should be explicitly linked in
configure:9272: arm-none-linux-gnueabi-gcc -c -g -O2  conftest.c >&5
configure:9275: $? = 0
configure:9290: arm-none-linux-gnueabi-gcc -shared conftest.o  -v -Wl,-soname -Wl,conftest -o conftest 2\>\&1 \| grep  -lc  \>/dev/null 2\>\&1
configure:9293: $? = 0
configure:9305: result: no
configure:9313: checking dynamic linker characteristics
configure:9901: result: GNU/Linux ld.so
configure:9910: checking how to hardcode library paths into programs
configure:9935: result: immediate
configure:9949: checking whether stripping libraries is possible
configure:9954: result: yes
configure:10867: checking if libtool supports shared libraries
configure:10869: result: yes
configure:10872: checking whether to build shared libraries
configure:10893: result: yes
configure:10896: checking whether to build static libraries
configure:10900: result: yes
configure:10992: creating libtool
configure:11580: checking for ld used by arm-none-linux-gnueabi-g++
configure:11647: result: /opt/PalmPDK/arm-gcc/arm-none-linux-gnueabi/bin/ld
configure:11656: checking if the linker (/opt/PalmPDK/arm-gcc/arm-none-linux-gnueabi/bin/ld) is GNU ld
configure:11671: result: yes
configure:11722: checking whether the arm-none-linux-gnueabi-g++ linker (/opt/PalmPDK/arm-gcc/arm-none-linux-gnueabi/bin/ld) supports shared libraries
configure:12688: result: yes
configure:12706: arm-none-linux-gnueabi-g++ -c -g -O2  conftest.cpp >&5
configure:12709: $? = 0
configure:12828: checking for arm-none-linux-gnueabi-g++ option to produce PIC
configure:13102: result: -fPIC
configure:13110: checking if arm-none-linux-gnueabi-g++ PIC flag -fPIC works
configure:13128: arm-none-linux-gnueabi-g++ -c -g -O2  -fPIC -DPIC conftest.cpp >&5
configure:13132: $? = 0
configure:13145: result: yes
configure:13173: checking if arm-none-linux-gnueabi-g++ static flag -static works
configure:13201: result: no
configure:13211: checking if arm-none-linux-gnueabi-g++ supports -c -o file.o
configure:13232: arm-none-linux-gnueabi-g++ -c -g -O2  -o out/conftest2.o conftest.cpp >&5
configure:13236: $? = 0
configure:13258: result: yes
configure:13284: checking whether the arm-none-linux-gnueabi-g++ linker (/opt/PalmPDK/arm-gcc/arm-none-linux-gnueabi/bin/ld) supports shared libraries
configure:13309: result: yes
configure:13376: checking dynamic linker characteristics
configure:13964: result: GNU/Linux ld.so
configure:13973: checking how to hardcode library paths into programs
configure:13998: result: immediate
configure:20215: checking for a BSD-compatible install
configure:20271: result: /usr/bin/install -c
configure:20282: checking whether make sets $(MAKE)
configure:20303: result: yes
configure:20312: checking for egrep
configure:20390: result: /usr/bin/grep -E
configure:20414: checking CFLAGS for gcc -Os
configure:20451: arm-none-linux-gnueabi-gcc -c -g -O2 -pedantic -Werror  -Os  conftest.c >&5
configure:20457: $? = 0
configure:20464: test -z "$ac_c_werror_flag" || test ! -s conftest.err
configure:20467: $? = 0
configure:20474: test -s conftest.o
configure:20477: $? = 0
configure:20498: result: -Os
configure:20510: : CFLAGS="$CFLAGS $ac_cv_cflags_gcc_option__Os"
configure:20513: $? = 0
configure:20524: checking CFLAGS for maximum warnings
configure:20561: arm-none-linux-gnueabi-gcc -c -g -O2 -Os -pedantic  -Wall  conftest.c >&5
configure:20567: $? = 0
configure:20574: test -z "$ac_c_werror_flag" || test ! -s conftest.err
configure:20577: $? = 0
configure:20584: test -s conftest.o
configure:20587: $? = 0
configure:20608: result: -Wall
configure:20621: : CFLAGS="$CFLAGS $ac_cv_cflags_warn_all"
configure:20624: $? = 0
configure:20637: checking for size_t
configure:20667: arm-none-linux-gnueabi-gcc -c -g -O2 -Os -Wall  conftest.c >&5
configure:20673: $? = 0
configure:20680: test -z "$ac_c_werror_flag" || test ! -s conftest.err
configure:20683: $? = 0
configure:20690: test -s conftest.o
configure:20693: $? = 0
configure:20705: result: yes
configure:20717: checking for off_t
configure:20747: arm-none-linux-gnueabi-gcc -c -g -O2 -Os -Wall  conftest.c >&5
configure:20753: $? = 0
configure:20760: test -z "$ac_c_werror_flag" || test ! -s conftest.err
configure:20763: $? = 0
configure:20770: test -s conftest.o
configure:20773: $? = 0
configure:20785: result: yes
configure:20812: checking for ANSI C header files
configure:20993: result: yes
configure:21048: checking arpa/inet.h usability
configure:21065: arm-none-linux-gnueabi-gcc -c -g -O2 -Os -Wall  conftest.c >&5
configure:21071: $? = 0
configure:21078: test -z "$ac_c_werror_flag" || test ! -s conftest.err
configure:21081: $? = 0
configure:21088: test -s conftest.o
configure:21091: $? = 0
configure:21102: result: yes
configure:21106: checking arpa/inet.h presence
configure:21121: arm-none-linux-gnueabi-gcc -E  conftest.c
configure:21127: $? = 0
configure:21148: result: yes
configure:21181: checking for arpa/inet.h
configure:21189: result: yes
configure:21048: checking fcntl.h usability
configure:21065: arm-none-linux-gnueabi-gcc -c -g -O2 -Os -Wall  conftest.c >&5
configure:21071: $? = 0
configure:21078: test -z "$ac_c_werror_flag" || test ! -s conftest.err
configure:21081: $? = 0
configure:21088: test -s conftest.o
configure:21091: $? = 0
configure:21102: result: yes
configure:21106: checking fcntl.h presence
configure:21121: arm-none-linux-gnueabi-gcc -E  conftest.c
configure:21127: $? = 0
configure:21148: result: yes
configure:21181: checking for fcntl.h
configure:21189: result: yes
configure:21038: checking for inttypes.h
configure:21044: result: yes
configure:21048: checking limits.h usability
configure:21065: arm-none-linux-gnueabi-gcc -c -g -O2 -Os -Wall  conftest.c >&5
configure:21071: $? = 0
configure:21078: test -z "$ac_c_werror_flag" || test ! -s conftest.err
configure:21081: $? = 0
configure:21088: test -s conftest.o
configure:21091: $? = 0
configure:21102: result: yes
configure:21106: checking limits.h presence
configure:21121: arm-none-linux-gnueabi-gcc -E  conftest.c
configure:21127: $? = 0
configure:21148: result: yes
configure:21181: checking for limits.h
configure:21189: result: yes
configure:21048: checking netdb.h usability
configure:21065: arm-none-linux-gnueabi-gcc -c -g -O2 -Os -Wall  conftest.c >&5
configure:21071: $? = 0
configure:21078: test -z "$ac_c_werror_flag" || test ! -s conftest.err
configure:21081: $? = 0
configure:21088: test -s conftest.o
configure:21091: $? = 0
configure:21102: result: yes
configure:21106: checking netdb.h presence
configure:21121: arm-none-linux-gnueabi-gcc -E  conftest.c
configure:21127: $? = 0
configure:21148: result: yes
configure:21181: checking for netdb.h
configure:21189: result: yes
configure:21048: checking netinet/in.h usability
configure:21065: arm-none-linux-gnueabi-gcc -c -g -O2 -Os -Wall  conftest.c >&5
configure:21071: $? = 0
configure:21078: test -z "$ac_c_werror_flag" || test ! -s conftest.err
configure:21081: $? = 0
configure:21088: test -s conftest.o
configure:21091: $? = 0
configure:21102: result: yes
configure:21106: checking netinet/in.h presence
configure:21121: arm-none-linux-gnueabi-gcc -E  conftest.c
configure:21127: $? = 0
configure:21148: result: yes
configure:21181: checking for netinet/in.h
configure:21189: result: yes
configure:21038: checking for stdlib.h
configure:21044: result: yes
configure:21038: checking for string.h
configure:21044: result: yes
configure:21048: checking sys/ioctl.h usability
configure:21065: arm-none-linux-gnueabi-gcc -c -g -O2 -Os -Wall  conftest.c >&5
configure:21071: $? = 0
configure:21078: test -z "$ac_c_werror_flag" || test ! -s conftest.err
configure:21081: $? = 0
configure:21088: test -s conftest.o
configure:21091: $? = 0
configure:21102: result: yes
configure:21106: checking sys/ioctl.h presence
configure:21121: arm-none-linux-gnueabi-gcc -E  conftest.c
configure:21127: $? = 0
configure:21148: result: yes
configure:21181: checking for sys/ioctl.h
configure:21189: result: yes
configure:21048: checking sys/socket.h usability
configure:21065: arm-none-linux-gnueabi-gcc -c -g -O2 -Os -Wall  conftest.c >&5
configure:21071: $? = 0
configure:21078: test -z "$ac_c_werror_flag" || test ! -s conftest.err
configure:21081: $? = 0
configure:21088: test -s conftest.o
configure:21091: $? = 0
configure:21102: result: yes
configure:21106: checking sys/socket.h presence
configure:21121: arm-none-linux-gnueabi-gcc -E  conftest.c
configure:21127: $? = 0
configure:21148: result: yes
configure:21181: checking for sys/socket.h
configure:21189: result: yes
configure:21048: checking sys/time.h usability
configure:21065: arm-none-linux-gnueabi-gcc -c -g -O2 -Os -Wall  conftest.c >&5
configure:21071: $? = 0
configure:21078: test -z "$ac_c_werror_flag" || test ! -s conftest.err
configure:21081: $? = 0
configure:21088: test -s conftest.o
configure:21091: $? = 0
configure:21102: result: yes
configure:21106: checking sys/time.h presence
configure:21121: arm-none-linux-gnueabi-gcc -E  conftest.c
configure:21127: $? = 0
configure:21148: result: yes
configure:21181: checking for sys/time.h
configure:21189: result: yes
configure:21048: checking sys/timeb.h usability
configure:21065: arm-none-linux-gnueabi-gcc -c -g -O2 -Os -Wall  conftest.c >&5
configure:21071: $? = 0
configure:21078: test -z "$ac_c_werror_flag" || test ! -s conftest.err
configure:21081: $? = 0
configure:21088: test -s conftest.o
configure:21091: $? = 0
configure:21102: result: yes
configure:21106: checking sys/timeb.h presence
configure:21121: arm-none-linux-gnueabi-gcc -E  conftest.c
configure:21127: $? = 0
configure:21148: result: yes
configure:21181: checking for sys/timeb.h
configure:21189: result: yes
configure:21048: checking syslog.h usability
configure:21065: arm-none-linux-gnueabi-gcc -c -g -O2 -Os -Wall  conftest.c >&5
configure:21071: $? = 0
configure:21078: test -z "$ac_c_werror_flag" || test ! -s conftest.err
configure:21081: $? = 0
configure:21088: test -s conftest.o
configure:21091: $? = 0
configure:21102: result: yes
configure:21106: checking syslog.h presence
configure:21121: arm-none-linux-gnueabi-gcc -E  conftest.c
configure:21127: $? = 0
configure:21148: result: yes
configure:21181: checking for syslog.h
configure:21189: result: yes
configure:21038: checking for unistd.h
configure:21044: result: yes
configure:21211: checking for an ANSI C-conforming const
configure:21286: arm-none-linux-gnueabi-gcc -c -g -O2 -Os -Wall  conftest.c >&5
conftest.c: In function 'main':
conftest.c:77: warning: 't' is used uninitialized in this function
conftest.c:93: warning: 'b' may be used uninitialized in this function
conftest.c:99: warning: 'x[0]' is used uninitialized in this function
configure:21292: $? = 0
configure:21299: test -z "$ac_c_werror_flag" || test ! -s conftest.err
configure:21302: $? = 0
configure:21309: test -s conftest.o
configure:21312: $? = 0
configure:21324: result: yes
configure:21334: checking for size_t
configure:21402: result: yes
configure:21414: checking for socklen_t
configure:21442: arm-none-linux-gnueabi-gcc -c -g -O2 -Os -Wall  conftest.c >&5
conftest.c: In function 'main':
conftest.c:53: warning: unused variable 'len'
configure:21448: $? = 0
configure:21455: test -z "$ac_c_werror_flag" || test ! -s conftest.err
configure:21458: $? = 0
configure:21465: test -s conftest.o
configure:21468: $? = 0
configure:21481: result: yes
configure:21500: checking for vprintf
configure:21556: arm-none-linux-gnueabi-gcc -o conftest -g -O2 -Os -Wall   conftest.c  >&5
conftest.c:71: warning: conflicting types for built-in function 'vprintf'
configure:21562: $? = 0
configure:21569: test -z "$ac_c_werror_flag" || test ! -s conftest.err
configure:21572: $? = 0
configure:21579: test -s conftest
configure:21582: $? = 0
configure:21596: result: yes
configure:21603: checking for _doprnt
configure:21659: arm-none-linux-gnueabi-gcc -o conftest -g -O2 -Os -Wall   conftest.c  >&5
/var/folders/7R/7RsF4j3CHKC-8tIunycBS++++TI/-Tmp-//ccAlDJWf.o: In function `main':
/Users/dkirker/projects/webOS/Muses/libupnp-1.6.0/conftest.c:83: undefined reference to `_doprnt'
collect2: ld returned 1 exit status
configure:21665: $? = 1
configure: failed program was:
| /* confdefs.h.  */
| #define PACKAGE_NAME "libupnp"
| #define PACKAGE_TARNAME "libupnp"
| #define PACKAGE_VERSION "1.6.0"
| #define PACKAGE_STRING "libupnp 1.6.0"
| #define PACKAGE_BUGREPORT "mroberto@users.sourceforge.net"
| #define PACKAGE "libupnp"
| #define VERSION "1.6.0"
| #define UPNP_VERSION_STRING "1.6.0"
| #define UPNP_VERSION_MAJOR 1
| #define UPNP_VERSION_MINOR 6
| #define UPNP_VERSION_PATCH 0
| #define NO_DEBUG 1
| #define NDEBUG 1
| #define UPNP_HAVE_CLIENT 1
| #define UPNP_HAVE_DEVICE 1
| #define UPNP_HAVE_WEBSERVER 1
| #define UPNP_HAVE_TOOLS 1
| #define STDC_HEADERS 1
| #define HAVE_SYS_TYPES_H 1
| #define HAVE_SYS_STAT_H 1
| #define HAVE_STDLIB_H 1
| #define HAVE_STRING_H 1
| #define HAVE_MEMORY_H 1
| #define HAVE_STRINGS_H 1
| #define HAVE_INTTYPES_H 1
| #define HAVE_STDINT_H 1
| #define HAVE_UNISTD_H 1
| #define HAVE_DLFCN_H 1
| #define _LARGE_FILE_SOURCE
| #define _FILE_OFFSET_BITS 64
| #define STDC_HEADERS 1
| #define HAVE_ARPA_INET_H 1
| #define HAVE_FCNTL_H 1
| #define HAVE_INTTYPES_H 1
| #define HAVE_LIMITS_H 1
| #define HAVE_NETDB_H 1
| #define HAVE_NETINET_IN_H 1
| #define HAVE_STDLIB_H 1
| #define HAVE_STRING_H 1
| #define HAVE_SYS_IOCTL_H 1
| #define HAVE_SYS_SOCKET_H 1
| #define HAVE_SYS_TIME_H 1
| #define HAVE_SYS_TIMEB_H 1
| #define HAVE_SYSLOG_H 1
| #define HAVE_UNISTD_H 1
| #define HAVE_VPRINTF 1
| /* end confdefs.h.  */
| /* Define _doprnt to an innocuous variant, in case <limits.h> declares _doprnt.
|    For example, HP-UX 11i <limits.h> declares gettimeofday.  */
| #define _doprnt innocuous__doprnt
| 
| /* System header to define __stub macros and hopefully few prototypes,
|     which can conflict with char _doprnt (); below.
|     Prefer <limits.h> to <assert.h> if __STDC__ is defined, since
|     <limits.h> exists even on freestanding compilers.  */
| 
| #ifdef __STDC__
| # include <limits.h>
| #else
| # include <assert.h>
| #endif
| 
| #undef _doprnt
| 
| /* Override any GCC internal prototype to avoid an error.
|    Use char because int might match the return type of a GCC
|    builtin and then its argument prototype would still apply.  */
| #ifdef __cplusplus
| extern "C"
| #endif
| char _doprnt ();
| /* The GNU C library defines this for functions which it implements
|     to always fail with ENOSYS.  Some functions are actually named
|     something starting with __ and the normal name is an alias.  */
| #if defined __stub__doprnt || defined __stub____doprnt
| choke me
| #endif
| 
| int
| main ()
| {
| return _doprnt ();
|   ;
|   return 0;
| }
configure:21698: result: no
configure:21712: checking for _LARGEFILE_SOURCE value needed for large files
configure:21740: arm-none-linux-gnueabi-gcc -c -g -O2 -Os -Wall  conftest.c >&5
conftest.c: In function 'main':
conftest.c:53: warning: the address of 'fseeko' will always evaluate as 'true'
configure:21746: $? = 0
configure:21753: test -z "$ac_c_werror_flag" || test ! -s conftest.err
configure:21756: $? = 0
configure:21763: test -s conftest.o
configure:21766: $? = 0
configure:21839: result: no
configure:21853: checking for fseeko
configure:21879: arm-none-linux-gnueabi-gcc -o conftest -g -O2 -Os -Wall   conftest.c  >&5
conftest.c: In function 'main':
conftest.c:53: warning: the address of 'fseeko' will always evaluate as 'true'
configure:21885: $? = 0
configure:21892: test -z "$ac_c_werror_flag" || test ! -s conftest.err
configure:21895: $? = 0
configure:21902: test -s conftest
configure:21905: $? = 0
configure:21918: result: yes
configure:21932: checking for ftime
configure:21988: arm-none-linux-gnueabi-gcc -o conftest -g -O2 -Os -Wall   conftest.c  >&5
configure:21994: $? = 0
configure:22001: test -z "$ac_c_werror_flag" || test ! -s conftest.err
configure:22004: $? = 0
configure:22011: test -s conftest
configure:22014: $? = 0
configure:22028: result: yes
configure:22339: checking for the pthreads library -lpthreads
configure:22382: arm-none-linux-gnueabi-gcc -o conftest -g -O2 -Os -Wall    conftest.c -lpthreads  >&5
conftest.c: In function 'main':
conftest.c:56: warning: null argument where non-null required (argument 1)
conftest.c:57: warning: null argument where non-null required (argument 1)
conftest.c:57: warning: null argument where non-null required (argument 3)
conftest.c:55: warning: 'th' is used uninitialized in this function
/opt/PalmPDK/arm-gcc/lib/gcc/arm-none-linux-gnueabi/4.3.3/../../../../arm-none-linux-gnueabi/bin/ld: cannot find -lpthreads
collect2: ld returned 1 exit status
configure:22388: $? = 1
configure: failed program was:
| /* confdefs.h.  */
| #define PACKAGE_NAME "libupnp"
| #define PACKAGE_TARNAME "libupnp"
| #define PACKAGE_VERSION "1.6.0"
| #define PACKAGE_STRING "libupnp 1.6.0"
| #define PACKAGE_BUGREPORT "mroberto@users.sourceforge.net"
| #define PACKAGE "libupnp"
| #define VERSION "1.6.0"
| #define UPNP_VERSION_STRING "1.6.0"
| #define UPNP_VERSION_MAJOR 1
| #define UPNP_VERSION_MINOR 6
| #define UPNP_VERSION_PATCH 0
| #define NO_DEBUG 1
| #define NDEBUG 1
| #define UPNP_HAVE_CLIENT 1
| #define UPNP_HAVE_DEVICE 1
| #define UPNP_HAVE_WEBSERVER 1
| #define UPNP_HAVE_TOOLS 1
| #define STDC_HEADERS 1
| #define HAVE_SYS_TYPES_H 1
| #define HAVE_SYS_STAT_H 1
| #define HAVE_STDLIB_H 1
| #define HAVE_STRING_H 1
| #define HAVE_MEMORY_H 1
| #define HAVE_STRINGS_H 1
| #define HAVE_INTTYPES_H 1
| #define HAVE_STDINT_H 1
| #define HAVE_UNISTD_H 1
| #define HAVE_DLFCN_H 1
| #define _LARGE_FILE_SOURCE
| #define _FILE_OFFSET_BITS 64
| #define STDC_HEADERS 1
| #define HAVE_ARPA_INET_H 1
| #define HAVE_FCNTL_H 1
| #define HAVE_INTTYPES_H 1
| #define HAVE_LIMITS_H 1
| #define HAVE_NETDB_H 1
| #define HAVE_NETINET_IN_H 1
| #define HAVE_STDLIB_H 1
| #define HAVE_STRING_H 1
| #define HAVE_SYS_IOCTL_H 1
| #define HAVE_SYS_SOCKET_H 1
| #define HAVE_SYS_TIME_H 1
| #define HAVE_SYS_TIMEB_H 1
| #define HAVE_SYSLOG_H 1
| #define HAVE_UNISTD_H 1
| #define HAVE_VPRINTF 1
| #define HAVE_FSEEKO 1
| #define HAVE_FTIME 1
| /* end confdefs.h.  */
| #include <pthread.h>
| int
| main ()
| {
| pthread_t th; pthread_join(th, 0);
|                      pthread_attr_init(0); pthread_cleanup_push(0, 0);
|                      pthread_create(0,0,0,0); pthread_cleanup_pop(0);
|   ;
|   return 0;
| }
configure:22424: result: no
configure:22284: checking whether pthreads work without any flags
configure:22382: arm-none-linux-gnueabi-gcc -o conftest -g -O2 -Os -Wall    conftest.c   >&5
conftest.c: In function 'main':
conftest.c:56: warning: null argument where non-null required (argument 1)
conftest.c:57: warning: null argument where non-null required (argument 1)
conftest.c:57: warning: null argument where non-null required (argument 3)
conftest.c:55: warning: 'th' is used uninitialized in this function
/var/folders/7R/7RsF4j3CHKC-8tIunycBS++++TI/-Tmp-//cc1EqSKF.o: In function `main':
/Users/dkirker/projects/webOS/Muses/libupnp-1.6.0/conftest.c:55: undefined reference to `pthread_join'
/Users/dkirker/projects/webOS/Muses/libupnp-1.6.0/conftest.c:56: undefined reference to `__pthread_register_cancel'
/Users/dkirker/projects/webOS/Muses/libupnp-1.6.0/conftest.c:57: undefined reference to `pthread_create'
/Users/dkirker/projects/webOS/Muses/libupnp-1.6.0/conftest.c:57: undefined reference to `__pthread_unregister_cancel'
collect2: ld returned 1 exit status
configure:22388: $? = 1
configure: failed program was:
| /* confdefs.h.  */
| #define PACKAGE_NAME "libupnp"
| #define PACKAGE_TARNAME "libupnp"
| #define PACKAGE_VERSION "1.6.0"
| #define PACKAGE_STRING "libupnp 1.6.0"
| #define PACKAGE_BUGREPORT "mroberto@users.sourceforge.net"
| #define PACKAGE "libupnp"
| #define VERSION "1.6.0"
| #define UPNP_VERSION_STRING "1.6.0"
| #define UPNP_VERSION_MAJOR 1
| #define UPNP_VERSION_MINOR 6
| #define UPNP_VERSION_PATCH 0
| #define NO_DEBUG 1
| #define NDEBUG 1
| #define UPNP_HAVE_CLIENT 1
| #define UPNP_HAVE_DEVICE 1
| #define UPNP_HAVE_WEBSERVER 1
| #define UPNP_HAVE_TOOLS 1
| #define STDC_HEADERS 1
| #define HAVE_SYS_TYPES_H 1
| #define HAVE_SYS_STAT_H 1
| #define HAVE_STDLIB_H 1
| #define HAVE_STRING_H 1
| #define HAVE_MEMORY_H 1
| #define HAVE_STRINGS_H 1
| #define HAVE_INTTYPES_H 1
| #define HAVE_STDINT_H 1
| #define HAVE_UNISTD_H 1
| #define HAVE_DLFCN_H 1
| #define _LARGE_FILE_SOURCE
| #define _FILE_OFFSET_BITS 64
| #define STDC_HEADERS 1
| #define HAVE_ARPA_INET_H 1
| #define HAVE_FCNTL_H 1
| #define HAVE_INTTYPES_H 1
| #define HAVE_LIMITS_H 1
| #define HAVE_NETDB_H 1
| #define HAVE_NETINET_IN_H 1
| #define HAVE_STDLIB_H 1
| #define HAVE_STRING_H 1
| #define HAVE_SYS_IOCTL_H 1
| #define HAVE_SYS_SOCKET_H 1
| #define HAVE_SYS_TIME_H 1
| #define HAVE_SYS_TIMEB_H 1
| #define HAVE_SYSLOG_H 1
| #define HAVE_UNISTD_H 1
| #define HAVE_VPRINTF 1
| #define HAVE_FSEEKO 1
| #define HAVE_FTIME 1
| /* end confdefs.h.  */
| #include <pthread.h>
| int
| main ()
| {
| pthread_t th; pthread_join(th, 0);
|                      pthread_attr_init(0); pthread_cleanup_push(0, 0);
|                      pthread_create(0,0,0,0); pthread_cleanup_pop(0);
|   ;
|   return 0;
| }
configure:22424: result: no
configure:22289: checking whether pthreads work with -Kthread
configure:22382: arm-none-linux-gnueabi-gcc -o conftest -g -O2 -Os -Wall -Kthread   conftest.c   >&5
arm-none-linux-gnueabi-gcc: unrecognized option '-Kthread'
conftest.c: In function 'main':
conftest.c:56: warning: null argument where non-null required (argument 1)
conftest.c:57: warning: null argument where non-null required (argument 1)
conftest.c:57: warning: null argument where non-null required (argument 3)
conftest.c:55: warning: 'th' is used uninitialized in this function
/var/folders/7R/7RsF4j3CHKC-8tIunycBS++++TI/-Tmp-//ccIBrMG7.o: In function `main':
/Users/dkirker/projects/webOS/Muses/libupnp-1.6.0/conftest.c:55: undefined reference to `pthread_join'
/Users/dkirker/projects/webOS/Muses/libupnp-1.6.0/conftest.c:56: undefined reference to `__pthread_register_cancel'
/Users/dkirker/projects/webOS/Muses/libupnp-1.6.0/conftest.c:57: undefined reference to `pthread_create'
/Users/dkirker/projects/webOS/Muses/libupnp-1.6.0/conftest.c:57: undefined reference to `__pthread_unregister_cancel'
collect2: ld returned 1 exit status
configure:22388: $? = 1
configure: failed program was:
| /* confdefs.h.  */
| #define PACKAGE_NAME "libupnp"
| #define PACKAGE_TARNAME "libupnp"
| #define PACKAGE_VERSION "1.6.0"
| #define PACKAGE_STRING "libupnp 1.6.0"
| #define PACKAGE_BUGREPORT "mroberto@users.sourceforge.net"
| #define PACKAGE "libupnp"
| #define VERSION "1.6.0"
| #define UPNP_VERSION_STRING "1.6.0"
| #define UPNP_VERSION_MAJOR 1
| #define UPNP_VERSION_MINOR 6
| #define UPNP_VERSION_PATCH 0
| #define NO_DEBUG 1
| #define NDEBUG 1
| #define UPNP_HAVE_CLIENT 1
| #define UPNP_HAVE_DEVICE 1
| #define UPNP_HAVE_WEBSERVER 1
| #define UPNP_HAVE_TOOLS 1
| #define STDC_HEADERS 1
| #define HAVE_SYS_TYPES_H 1
| #define HAVE_SYS_STAT_H 1
| #define HAVE_STDLIB_H 1
| #define HAVE_STRING_H 1
| #define HAVE_MEMORY_H 1
| #define HAVE_STRINGS_H 1
| #define HAVE_INTTYPES_H 1
| #define HAVE_STDINT_H 1
| #define HAVE_UNISTD_H 1
| #define HAVE_DLFCN_H 1
| #define _LARGE_FILE_SOURCE
| #define _FILE_OFFSET_BITS 64
| #define STDC_HEADERS 1
| #define HAVE_ARPA_INET_H 1
| #define HAVE_FCNTL_H 1
| #define HAVE_INTTYPES_H 1
| #define HAVE_LIMITS_H 1
| #define HAVE_NETDB_H 1
| #define HAVE_NETINET_IN_H 1
| #define HAVE_STDLIB_H 1
| #define HAVE_STRING_H 1
| #define HAVE_SYS_IOCTL_H 1
| #define HAVE_SYS_SOCKET_H 1
| #define HAVE_SYS_TIME_H 1
| #define HAVE_SYS_TIMEB_H 1
| #define HAVE_SYSLOG_H 1
| #define HAVE_UNISTD_H 1
| #define HAVE_VPRINTF 1
| #define HAVE_FSEEKO 1
| #define HAVE_FTIME 1
| /* end confdefs.h.  */
| #include <pthread.h>
| int
| main ()
| {
| pthread_t th; pthread_join(th, 0);
|                      pthread_attr_init(0); pthread_cleanup_push(0, 0);
|                      pthread_create(0,0,0,0); pthread_cleanup_pop(0);
|   ;
|   return 0;
| }
configure:22424: result: no
configure:22289: checking whether pthreads work with -kthread
configure:22382: arm-none-linux-gnueabi-gcc -o conftest -g -O2 -Os -Wall -kthread   conftest.c   >&5
arm-none-linux-gnueabi-gcc: unrecognized option '-kthread'
conftest.c: In function 'main':
conftest.c:56: warning: null argument where non-null required (argument 1)
conftest.c:57: warning: null argument where non-null required (argument 1)
conftest.c:57: warning: null argument where non-null required (argument 3)
conftest.c:55: warning: 'th' is used uninitialized in this function
/var/folders/7R/7RsF4j3CHKC-8tIunycBS++++TI/-Tmp-//cc8XN7Xm.o: In function `main':
/Users/dkirker/projects/webOS/Muses/libupnp-1.6.0/conftest.c:55: undefined reference to `pthread_join'
/Users/dkirker/projects/webOS/Muses/libupnp-1.6.0/conftest.c:56: undefined reference to `__pthread_register_cancel'
/Users/dkirker/projects/webOS/Muses/libupnp-1.6.0/conftest.c:57: undefined reference to `pthread_create'
/Users/dkirker/projects/webOS/Muses/libupnp-1.6.0/conftest.c:57: undefined reference to `__pthread_unregister_cancel'
collect2: ld returned 1 exit status
configure:22388: $? = 1
configure: failed program was:
| /* confdefs.h.  */
| #define PACKAGE_NAME "libupnp"
| #define PACKAGE_TARNAME "libupnp"
| #define PACKAGE_VERSION "1.6.0"
| #define PACKAGE_STRING "libupnp 1.6.0"
| #define PACKAGE_BUGREPORT "mroberto@users.sourceforge.net"
| #define PACKAGE "libupnp"
| #define VERSION "1.6.0"
| #define UPNP_VERSION_STRING "1.6.0"
| #define UPNP_VERSION_MAJOR 1
| #define UPNP_VERSION_MINOR 6
| #define UPNP_VERSION_PATCH 0
| #define NO_DEBUG 1
| #define NDEBUG 1
| #define UPNP_HAVE_CLIENT 1
| #define UPNP_HAVE_DEVICE 1
| #define UPNP_HAVE_WEBSERVER 1
| #define UPNP_HAVE_TOOLS 1
| #define STDC_HEADERS 1
| #define HAVE_SYS_TYPES_H 1
| #define HAVE_SYS_STAT_H 1
| #define HAVE_STDLIB_H 1
| #define HAVE_STRING_H 1
| #define HAVE_MEMORY_H 1
| #define HAVE_STRINGS_H 1
| #define HAVE_INTTYPES_H 1
| #define HAVE_STDINT_H 1
| #define HAVE_UNISTD_H 1
| #define HAVE_DLFCN_H 1
| #define _LARGE_FILE_SOURCE
| #define _FILE_OFFSET_BITS 64
| #define STDC_HEADERS 1
| #define HAVE_ARPA_INET_H 1
| #define HAVE_FCNTL_H 1
| #define HAVE_INTTYPES_H 1
| #define HAVE_LIMITS_H 1
| #define HAVE_NETDB_H 1
| #define HAVE_NETINET_IN_H 1
| #define HAVE_STDLIB_H 1
| #define HAVE_STRING_H 1
| #define HAVE_SYS_IOCTL_H 1
| #define HAVE_SYS_SOCKET_H 1
| #define HAVE_SYS_TIME_H 1
| #define HAVE_SYS_TIMEB_H 1
| #define HAVE_SYSLOG_H 1
| #define HAVE_UNISTD_H 1
| #define HAVE_VPRINTF 1
| #define HAVE_FSEEKO 1
| #define HAVE_FTIME 1
| /* end confdefs.h.  */
| #include <pthread.h>
| int
| main ()
| {
| pthread_t th; pthread_join(th, 0);
|                      pthread_attr_init(0); pthread_cleanup_push(0, 0);
|                      pthread_create(0,0,0,0); pthread_cleanup_pop(0);
|   ;
|   return 0;
| }
configure:22424: result: no
configure:22339: checking for the pthreads library -llthread
configure:22382: arm-none-linux-gnueabi-gcc -o conftest -g -O2 -Os -Wall    conftest.c -llthread  >&5
conftest.c: In function 'main':
conftest.c:56: warning: null argument where non-null required (argument 1)
conftest.c:57: warning: null argument where non-null required (argument 1)
conftest.c:57: warning: null argument where non-null required (argument 3)
conftest.c:55: warning: 'th' is used uninitialized in this function
/opt/PalmPDK/arm-gcc/lib/gcc/arm-none-linux-gnueabi/4.3.3/../../../../arm-none-linux-gnueabi/bin/ld: cannot find -llthread
collect2: ld returned 1 exit status
configure:22388: $? = 1
configure: failed program was:
| /* confdefs.h.  */
| #define PACKAGE_NAME "libupnp"
| #define PACKAGE_TARNAME "libupnp"
| #define PACKAGE_VERSION "1.6.0"
| #define PACKAGE_STRING "libupnp 1.6.0"
| #define PACKAGE_BUGREPORT "mroberto@users.sourceforge.net"
| #define PACKAGE "libupnp"
| #define VERSION "1.6.0"
| #define UPNP_VERSION_STRING "1.6.0"
| #define UPNP_VERSION_MAJOR 1
| #define UPNP_VERSION_MINOR 6
| #define UPNP_VERSION_PATCH 0
| #define NO_DEBUG 1
| #define NDEBUG 1
| #define UPNP_HAVE_CLIENT 1
| #define UPNP_HAVE_DEVICE 1
| #define UPNP_HAVE_WEBSERVER 1
| #define UPNP_HAVE_TOOLS 1
| #define STDC_HEADERS 1
| #define HAVE_SYS_TYPES_H 1
| #define HAVE_SYS_STAT_H 1
| #define HAVE_STDLIB_H 1
| #define HAVE_STRING_H 1
| #define HAVE_MEMORY_H 1
| #define HAVE_STRINGS_H 1
| #define HAVE_INTTYPES_H 1
| #define HAVE_STDINT_H 1
| #define HAVE_UNISTD_H 1
| #define HAVE_DLFCN_H 1
| #define _LARGE_FILE_SOURCE
| #define _FILE_OFFSET_BITS 64
| #define STDC_HEADERS 1
| #define HAVE_ARPA_INET_H 1
| #define HAVE_FCNTL_H 1
| #define HAVE_INTTYPES_H 1
| #define HAVE_LIMITS_H 1
| #define HAVE_NETDB_H 1
| #define HAVE_NETINET_IN_H 1
| #define HAVE_STDLIB_H 1
| #define HAVE_STRING_H 1
| #define HAVE_SYS_IOCTL_H 1
| #define HAVE_SYS_SOCKET_H 1
| #define HAVE_SYS_TIME_H 1
| #define HAVE_SYS_TIMEB_H 1
| #define HAVE_SYSLOG_H 1
| #define HAVE_UNISTD_H 1
| #define HAVE_VPRINTF 1
| #define HAVE_FSEEKO 1
| #define HAVE_FTIME 1
| /* end confdefs.h.  */
| #include <pthread.h>
| int
| main ()
| {
| pthread_t th; pthread_join(th, 0);
|                      pthread_attr_init(0); pthread_cleanup_push(0, 0);
|                      pthread_create(0,0,0,0); pthread_cleanup_pop(0);
|   ;
|   return 0;
| }
configure:22424: result: no
configure:22289: checking whether pthreads work with -pthread
configure:22382: arm-none-linux-gnueabi-gcc -o conftest -g -O2 -Os -Wall -pthread   conftest.c   >&5
conftest.c: In function 'main':
conftest.c:56: warning: null argument where non-null required (argument 1)
conftest.c:57: warning: null argument where non-null required (argument 1)
conftest.c:57: warning: null argument where non-null required (argument 3)
conftest.c:55: warning: 'th' is used uninitialized in this function
configure:22388: $? = 0
configure:22395: test -z "$ac_c_werror_flag" || test ! -s conftest.err
configure:22398: $? = 0
configure:22405: test -s conftest
configure:22408: $? = 0
configure:22424: result: yes
configure:22443: checking for joinable pthread attribute
configure:22468: arm-none-linux-gnueabi-gcc -o conftest -g -O2 -Os -Wall -pthread   conftest.c   >&5
configure:22474: $? = 0
configure:22481: test -z "$ac_c_werror_flag" || test ! -s conftest.err
configure:22484: $? = 0
configure:22491: test -s conftest
configure:22494: $? = 0
configure:22507: result: PTHREAD_CREATE_JOINABLE
configure:22517: checking if more special flags are required for pthreads
configure:22524: result: no
configure:22793: creating ./config.status

## ---------------------- ##
## Running config.status. ##
## ---------------------- ##

This file was extended by libupnp config.status 1.6.0, which was
generated by GNU Autoconf 2.60.  Invocation command line was

  CONFIG_FILES    = 
  CONFIG_HEADERS  = 
  CONFIG_LINKS    = 
  CONFIG_COMMANDS = 
  $ ./config.status 

on flying-toaster

config.status:676: creating Makefile
config.status:676: creating ixml/Makefile
config.status:676: creating ixml/doc/Makefile
config.status:676: creating threadutil/Makefile
config.status:676: creating upnp/Makefile
config.status:676: creating upnp/doc/Makefile
config.status:676: creating upnp/sample/Makefile
config.status:676: creating docs/dist/Makefile
config.status:676: creating libupnp.pc
config.status:676: creating autoconfig.h
config.status:936: autoconfig.h is unchanged
config.status:676: creating upnp/inc/upnpconfig.h
config.status:936: upnp/inc/upnpconfig.h is unchanged
config.status:982: executing depfiles commands

## ---------------- ##
## Cache variables. ##
## ---------------- ##

ac_cv_build=i386-apple-darwin10.8.0
ac_cv_c_compiler_gnu=yes
ac_cv_c_const=yes
ac_cv_cflags_gcc_option__Os=-Os
ac_cv_cflags_warn_all=-Wall
ac_cv_cxx_compiler_gnu=yes
ac_cv_env_CCC_set=
ac_cv_env_CCC_value=
ac_cv_env_CC_set=
ac_cv_env_CC_value=
ac_cv_env_CFLAGS_set=
ac_cv_env_CFLAGS_value=
ac_cv_env_CPPFLAGS_set=
ac_cv_env_CPPFLAGS_value=
ac_cv_env_CPP_set=
ac_cv_env_CPP_value=
ac_cv_env_CXXCPP_set=
ac_cv_env_CXXCPP_value=
ac_cv_env_CXXFLAGS_set=
ac_cv_env_CXXFLAGS_value=
ac_cv_env_CXX_set=
ac_cv_env_CXX_value=
ac_cv_env_F77_set=
ac_cv_env_F77_value=
ac_cv_env_FFLAGS_set=
ac_cv_env_FFLAGS_value=
ac_cv_env_LDFLAGS_set=
ac_cv_env_LDFLAGS_value=
ac_cv_env_build_alias_set=
ac_cv_env_build_alias_value=
ac_cv_env_host_alias_set=set
ac_cv_env_host_alias_value=arm-none-linux-gnueabi
ac_cv_env_target_alias_set=
ac_cv_env_target_alias_value=
ac_cv_f77_compiler_gnu=no
ac_cv_func__doprnt=no
ac_cv_func_fseeko=yes
ac_cv_func_ftime=yes
ac_cv_func_vprintf=yes
ac_cv_header_arpa_inet_h=yes
ac_cv_header_dlfcn_h=yes
ac_cv_header_fcntl_h=yes
ac_cv_header_inttypes_h=yes
ac_cv_header_limits_h=yes
ac_cv_header_memory_h=yes
ac_cv_header_netdb_h=yes
ac_cv_header_netinet_in_h=yes
ac_cv_header_stdc=yes
ac_cv_header_stdint_h=yes
ac_cv_header_stdlib_h=yes
ac_cv_header_string_h=yes
ac_cv_header_strings_h=yes
ac_cv_header_sys_ioctl_h=yes
ac_cv_header_sys_socket_h=yes
ac_cv_header_sys_stat_h=yes
ac_cv_header_sys_time_h=yes
ac_cv_header_sys_timeb_h=yes
ac_cv_header_sys_types_h=yes
ac_cv_header_syslog_h=yes
ac_cv_header_unistd_h=yes
ac_cv_host=arm-none-linux-gnueabi
ac_cv_objext=o
ac_cv_path_EGREP='/usr/bin/grep -E'
ac_cv_path_GREP=/usr/bin/grep
ac_cv_path_INTLTOOL_PERL=/usr/bin/perl
ac_cv_path_install='/usr/bin/install -c'
ac_cv_prog_AR=arm-none-linux-gnueabi-ar
ac_cv_prog_AWK=awk
ac_cv_prog_CC=arm-none-linux-gnueabi-gcc
ac_cv_prog_CPP='arm-none-linux-gnueabi-gcc -E'
ac_cv_prog_CXX=arm-none-linux-gnueabi-g++
ac_cv_prog_CXXCPP='arm-none-linux-gnueabi-g++ -E'
ac_cv_prog_RANLIB=arm-none-linux-gnueabi-ranlib
ac_cv_prog_STRIP=arm-none-linux-gnueabi-strip
ac_cv_prog_cc_arm_none_linux_gnueabi_gcc_c_o=yes
ac_cv_prog_cc_c89=
ac_cv_prog_cc_g=yes
ac_cv_prog_cxx_g=yes
ac_cv_prog_f77_g=no
ac_cv_prog_make_make_set=yes
ac_cv_sys_largefile_source=no
ac_cv_type_off_t=yes
ac_cv_type_size_t=yes
ac_cv_type_socklen_t=yes
am_cv_CC_dependencies_compiler_type=gcc3
am_cv_CXX_dependencies_compiler_type=gcc3
lt_cv_deplibs_check_method=pass_all
lt_cv_file_magic_cmd='$MAGIC_CMD'
lt_cv_file_magic_test_file=
lt_cv_ld_reload_flag=-r
lt_cv_objdir=.libs
lt_cv_path_LD=/opt/PalmPDK/arm-gcc/arm-none-linux-gnueabi/bin/ld
lt_cv_path_LDCXX=/opt/PalmPDK/arm-gcc/arm-none-linux-gnueabi/bin/ld
lt_cv_path_NM='/opt/PalmPDK/arm-gcc/bin//arm-none-linux-gnueabi-nm -B'
lt_cv_path_SED=/usr/bin/sed
lt_cv_prog_compiler_c_o=yes
lt_cv_prog_compiler_c_o_CXX=yes
lt_cv_prog_compiler_rtti_exceptions=no
lt_cv_prog_gnu_ld=yes
lt_cv_prog_gnu_ldcxx=yes
lt_cv_sys_global_symbol_pipe='sed -n -e '\''s/^.*[ 	]\([ABCDGIRSTW][ABCDGIRSTW]*\)[ 	][ 	]*\([_A-Za-z][_A-Za-z0-9]*\)$/\1 \2 \2/p'\'''
lt_cv_sys_global_symbol_to_c_name_address='sed -n -e '\''s/^: \([^ ]*\) $/  {\"\1\", (lt_ptr) 0},/p'\'' -e '\''s/^[BCDEGRST] \([^ ]*\) \([^ ]*\)$/  {"\2", (lt_ptr) \&\2},/p'\'''
lt_cv_sys_global_symbol_to_cdecl='sed -n -e '\''s/^. .* \(.*\)$/extern int \1;/p'\'''
lt_cv_sys_max_cmd_len=196608
lt_lt_cv_prog_compiler_c_o='"yes"'
lt_lt_cv_prog_compiler_c_o_CXX='"yes"'
lt_lt_cv_sys_global_symbol_pipe='"sed -n -e '\''s/^.*[ 	]\\([ABCDGIRSTW][ABCDGIRSTW]*\\)[ 	][ 	]*\\([_A-Za-z][_A-Za-z0-9]*\\)\$/\\1 \\2 \\2/p'\''"'
lt_lt_cv_sys_global_symbol_to_c_name_address='"sed -n -e '\''s/^: \\([^ ]*\\) \$/  {\\\"\\1\\\", (lt_ptr) 0},/p'\'' -e '\''s/^[BCDEGRST] \\([^ ]*\\) \\([^ ]*\\)\$/  {\"\\2\", (lt_ptr) \\&\\2},/p'\''"'
lt_lt_cv_sys_global_symbol_to_cdecl='"sed -n -e '\''s/^. .* \\(.*\\)\$/extern int \\1;/p'\''"'

## ----------------- ##
## Output variables. ##
## ----------------- ##

ACLOCAL='${SHELL} /Users/dkirker/projects/webOS/Muses/libupnp-1.6.0/config.aux/missing --run aclocal-1.9'
AMDEPBACKSLASH='\'
AMDEP_FALSE='#'
AMDEP_TRUE=''
AMTAR='${SHELL} /Users/dkirker/projects/webOS/Muses/libupnp-1.6.0/config.aux/missing --run tar'
AR='arm-none-linux-gnueabi-ar'
AUTOCONF='${SHELL} /Users/dkirker/projects/webOS/Muses/libupnp-1.6.0/config.aux/missing --run autoconf'
AUTOHEADER='${SHELL} /Users/dkirker/projects/webOS/Muses/libupnp-1.6.0/config.aux/missing --run autoheader'
AUTOMAKE='${SHELL} /Users/dkirker/projects/webOS/Muses/libupnp-1.6.0/config.aux/missing --run automake-1.9'
AWK='awk'
CC='arm-none-linux-gnueabi-gcc'
CCDEPMODE='depmode=gcc3'
CFLAGS='-g -O2 -Os -Wall'
CPP='arm-none-linux-gnueabi-gcc -E'
CPPFLAGS=''
CXX='arm-none-linux-gnueabi-g++'
CXXCPP='arm-none-linux-gnueabi-g++ -E'
CXXDEPMODE='depmode=gcc3'
CXXFLAGS='-g -O2'
CYGPATH_W='echo'
DEFS='-DHAVE_CONFIG_H'
DEPDIR='.deps'
ECHO='/bin/echo'
ECHO_C='ECHO_N=''
ECHO_T=''
EGREP='/usr/bin/grep -E'
ENABLE_CLIENT_FALSE='#'
ENABLE_CLIENT_TRUE=''
ENABLE_DEBUG_FALSE=''
ENABLE_DEBUG_TRUE='#'
ENABLE_DEVICE_FALSE='#'
ENABLE_DEVICE_TRUE=''
ENABLE_SAMPLES_FALSE='#'
ENABLE_SAMPLES_TRUE=''
ENABLE_TOOLS_FALSE='#'
ENABLE_TOOLS_TRUE=''
ENABLE_WEBSERVER_FALSE='#'
ENABLE_WEBSERVER_TRUE=''
EXEEXT=''
F77=''
FFLAGS=''
GREP='/usr/bin/grep'
INSTALL_DATA='${INSTALL} -m 644'
INSTALL_PROGRAM='${INSTALL}'
INSTALL_SCRIPT='${INSTALL}'
INSTALL_STRIP_PROGRAM='${SHELL} $(install_sh) -c -s'
LDFLAGS=''
LIBOBJS=''
LIBS=''
LIBTOOL='$(SHELL) $(top_builddir)/libtool'
LN_S='ln -s'
LTLIBOBJS=''
LT_VERSION_IXML='2:4:0'
LT_VERSION_THREADUTIL='3:1:1'
LT_VERSION_UPNP='3:0:0'
MAKEINFO='${SHELL} /Users/dkirker/projects/webOS/Muses/libupnp-1.6.0/config.aux/missing --run makeinfo'
OBJEXT='o'
PACKAGE='libupnp'
PACKAGE_BUGREPORT='mroberto@users.sourceforge.net'
PACKAGE_NAME='libupnp'
PACKAGE_STRING='libupnp 1.6.0'
PACKAGE_TARNAME='libupnp'
PACKAGE_VERSION='1.6.0'
PATH_SEPARATOR=':'
PTHREAD_CC='arm-none-linux-gnueabi-gcc'
PTHREAD_CFLAGS='-pthread'
PTHREAD_LIBS=''
RANLIB='arm-none-linux-gnueabi-ranlib'
SET_MAKE=''
SHELL='/bin/sh'
STRIP='arm-none-linux-gnueabi-strip'
VERSION='1.6.0'
WITH_DOCUMENTATION_FALSE=''
WITH_DOCUMENTATION_TRUE='#'
ac_ct_CC=''
ac_ct_CXX=''
ac_ct_F77=''
acx_pthread_config=''
am__fastdepCC_FALSE='#'
am__fastdepCC_TRUE=''
am__fastdepCXX_FALSE='#'
am__fastdepCXX_TRUE=''
am__include='include'
am__leading_dot='.'
am__quote=''
am__tar='${AMTAR} chof - "$$tardir"'
am__untar='${AMTAR} xf -'
bindir='${exec_prefix}/bin'
build='i386-apple-darwin10.8.0'
build_alias=''
build_cpu='i386'
build_os='darwin10.8.0'
build_vendor='apple'
datadir='${datarootdir}'
datarootdir='${prefix}/share'
docdir='${datarootdir}/doc/libupnp-1.6.0'
dvidir='${docdir}'
exec_prefix='/Users/dkirker/projects/webOS/Muses/libs/'
host='arm-none-linux-gnueabi'
host_alias='arm-none-linux-gnueabi'
host_cpu='arm'
host_os='linux-gnueabi'
host_vendor='none'
htmldir='${docdir}'
includedir='${prefix}/include'
infodir='${datarootdir}/info'
install_sh='/Users/dkirker/projects/webOS/Muses/libupnp-1.6.0/config.aux/install-sh'
libdir='${exec_prefix}/lib'
libexecdir='${exec_prefix}/libexec'
localedir='${datarootdir}/locale'
localstatedir='${prefix}/var'
mandir='${datarootdir}/man'
mkdir_p='$(install_sh) -d'
oldincludedir='/usr/include'
pdfdir='${docdir}'
prefix='/Users/dkirker/projects/webOS/Muses/libs/'
program_transform_name='s,x,x,'
psdir='${docdir}'
sbindir='${exec_prefix}/sbin'
sharedstatedir='${prefix}/com'
sysconfdir='${prefix}/etc'
target_alias=''

## ----------- ##
## confdefs.h. ##
## ----------- ##

#define PACKAGE_NAME "libupnp"
#define PACKAGE_TARNAME "libupnp"
#define PACKAGE_VERSION "1.6.0"
#define PACKAGE_STRING "libupnp 1.6.0"
#define PACKAGE_BUGREPORT "mroberto@users.sourceforge.net"
#define PACKAGE "libupnp"
#define VERSION "1.6.0"
#define UPNP_VERSION_STRING "1.6.0"
#define UPNP_VERSION_MAJOR 1
#define UPNP_VERSION_MINOR 6
#define UPNP_VERSION_PATCH 0
#define NO_DEBUG 1
#define NDEBUG 1
#define UPNP_HAVE_CLIENT 1
#define UPNP_HAVE_DEVICE 1
#define UPNP_HAVE_WEBSERVER 1
#define UPNP_HAVE_TOOLS 1
#define STDC_HEADERS 1
#define HAVE_SYS_TYPES_H 1
#define HAVE_SYS_STAT_H 1
#define HAVE_STDLIB_H 1
#define HAVE_STRING_H 1
#define HAVE_MEMORY_H 1
#define HAVE_STRINGS_H 1
#define HAVE_INTTYPES_H 1
#define HAVE_STDINT_H 1
#define HAVE_UNISTD_H 1
#define HAVE_DLFCN_H 1
#define _LARGE_FILE_SOURCE
#define _FILE_OFFSET_BITS 64
#define STDC_HEADERS 1
#define HAVE_ARPA_INET_H 1
#define HAVE_FCNTL_H 1
#define HAVE_INTTYPES_H 1
#define HAVE_LIMITS_H 1
#define HAVE_NETDB_H 1
#define HAVE_NETINET_IN_H 1
#define HAVE_STDLIB_H 1
#define HAVE_STRING_H 1
#define HAVE_SYS_IOCTL_H 1
#define HAVE_SYS_SOCKET_H 1
#define HAVE_SYS_TIME_H 1
#define HAVE_SYS_TIMEB_H 1
#define HAVE_SYSLOG_H 1
#define HAVE_UNISTD_H 1
#define HAVE_VPRINTF 1
#define HAVE_FSEEKO 1
#define HAVE_FTIME 1
#define HAVE_PTHREAD 1

configure: exit 0
