# ./configure --cross-prefix=arm-none-linux-gnueabi- --prefix=/Users/dkirker/projects/webOS/Muses/libs/ --enable-static --enable-shared --cross-compile
Apple_PubSub_Socket_Render=/tmp/launch-eSuKcr/Render
BASH=/bin/sh
BASH_ARGC=([0]="5")
BASH_ARGV=([0]="--cross-compile" [1]="--enable-shared" [2]="--enable-static" [3]="--prefix=/Users/dkirker/projects/webOS/Muses/libs/" [4]="--cross-prefix=arm-none-linux-gnueabi-")
BASH_LINENO=([0]="0")
BASH_SOURCE=([0]="./configure")
BASH_VERSINFO=([0]="3" [1]="2" [2]="48" [3]="1" [4]="release" [5]="x86_64-apple-darwin10.0")
BASH_VERSION='3.2.48(1)-release'
COMMAND_MODE=unix2003
CONFIGFILE=config.mak
DBUS_LAUNCHD_SESSION_BUS_SOCKET=/tmp/launch-5SfHba/unix_domain_listener
DBUS_SESSION_BUS_ADDRESS=unix:path=/tmp/dbus-SOtAqXHVis,guid=7e7f5b2b6d0b2d79434596004eca2437
DEVKITARM=/opt/local/devkitPro/devkitARM
DEVKITPRO=/opt/local/devkitPro
DIRSTACK=()
DISPLAY=:0.0
EUID=501
GROUPS=()
HOME=/Users/dkirker
HOSTNAME=flying-toaster
HOSTTYPE=x86_64
IFS=' 	
'
INFOPATH=/sw/share/info:/sw/info:/usr/share/info
INSTALL='/usr/bin/install -c'
LANG=en_US.UTF-8
LOGNAME=dkirker
MACHTYPE=x86_64-apple-darwin10.0
MANPATH=/sw/share/man:/usr/share/man:/usr/bin/man:/usr/local/man:/usr/local/share/man:/sw/lib/perl5/5.10.0/man:/usr/X11R6/man:/sw/lib/perl5-core/5.8.6/man:/sw/lib/perl5/5.8.6/man
OPTERR=1
OPTIND=1
OSTYPE=darwin10.0
PATH=/opt/local/bin:/opt/local/sbin:/opt/sshfs/bin/:/opt/subversion/bin/:/opt/local/bin:/opt/local/sbin:/sw/bin:/sw/sbin:/Users/dkirker/Desktop/Development/Android/android-ndk-r4b/build/prebuilt/darwin-x86/arm-eabi-4.2.1/bin:/bin:/sbin:/usr/bin:/usr/local/bin:/usr/sbin:/usr/local/bin:/usr/local/git/bin:/opt/PalmSDK/Current/bin/:/opt/PalmPDK/arm-gcc/bin/:/opt/PalmPDK/bin/:/usr/X11R6/bin
PERL5LIB=/sw/lib/perl5:/sw/lib/perl5/darwin
PIPESTATUS=([0]="0")
PKG_CONFIG_PATH=/Users/dkirker/projects/webOS/Muses/libs/lib/pkgconfig/
POSIXLY_CORRECT=y
PPID=10867
PREFIX=/Users/dkirker/projects/webOS/Muses/libs/
PS4='+ '
PWD=/Users/dkirker/projects/webOS/Muses/libdlna-0.2.3
RANDOM=29426
SGML_CATALOG_FILES=/sw/etc/sgml/catalog
SHELL=/bin/bash
SHELLOPTS=braceexpand:hashall:interactive-comments:posix
SHLVL=3
SSH_AUTH_SOCK=/tmp/launch-6K2ozd/Listeners
SVN_EDITOR=vim
TERM=xterm-color
TERM_PROGRAM=Apple_Terminal
TERM_PROGRAM_VERSION=273.1
TMPC=/var/folders/7R/7RsF4j3CHKC-8tIunycBS++++TI/-Tmp-//libdlna-14428-30497-15199.c
TMPDIR=/var/folders/7R/7RsF4j3CHKC-8tIunycBS++++TI/-Tmp-/
TMPDIR1=/var/folders/7R/7RsF4j3CHKC-8tIunycBS++++TI/-Tmp-/
TMPE=/var/folders/7R/7RsF4j3CHKC-8tIunycBS++++TI/-Tmp-//libdlna-7589-30497-17335
TMPO=/var/folders/7R/7RsF4j3CHKC-8tIunycBS++++TI/-Tmp-//libdlna-3818-30497-6514.o
TMPS=/var/folders/7R/7RsF4j3CHKC-8tIunycBS++++TI/-Tmp-//libdlna-22448-30497-29426.S
UID=501
USER=dkirker
VERSION=
XDG_CACHE_HOME=/Users/dkirker/.cache
XDG_CONFIG_DIRS=/sw/etc/xdg
XDG_CONFIG_HOME=/Users/dkirker/.config
XDG_DATA_DIRS=/sw/share
XDG_DATA_HOME=/Users/dkirker/.local/share
XML_CATALOG_FILES=/sw/etc/xml/catalog
_=--cross-compile
__CF_USER_TEXT_ENCODING=0x1F5:0:0
ac_cv_path_INTLTOOL_PERL=/usr/bin/perl
ar=arm-none-linux-gnueabi-ar
cc=arm-none-linux-gnueabi-gcc
cpu=x86
cross_compile=yes
cross_prefix=arm-none-linux-gnueabi-
debug=no
dostrip=yes
extralibs=
force_prefix=yes
includedir='$(PREFIX)/include'
installstrip=-s
libdir='$(PREFIX)/lib'
logfile=config.log
logging=yes
make=make
opt=--cross-compile
optimize=yes
optval=--cross-compile
ranlib=arm-none-linux-gnueabi-ranlib
shared=yes
static=yes
strip=arm-none-linux-gnueabi-strip
Checking for compiler available...
check_ld
check_cc
BEGIN /var/folders/7R/7RsF4j3CHKC-8tIunycBS++++TI/-Tmp-//libdlna-14428-30497-15199.c
     1	int main(){
     2	    return 0;
     3	}
END /var/folders/7R/7RsF4j3CHKC-8tIunycBS++++TI/-Tmp-//libdlna-14428-30497-15199.c
arm-none-linux-gnueabi-gcc -c -o /var/folders/7R/7RsF4j3CHKC-8tIunycBS++++TI/-Tmp-//libdlna-3818-30497-6514.o /var/folders/7R/7RsF4j3CHKC-8tIunycBS++++TI/-Tmp-//libdlna-14428-30497-15199.c
arm-none-linux-gnueabi-gcc -o /var/folders/7R/7RsF4j3CHKC-8tIunycBS++++TI/-Tmp-//libdlna-7589-30497-17335 /var/folders/7R/7RsF4j3CHKC-8tIunycBS++++TI/-Tmp-//libdlna-3818-30497-6514.o
check_header altivec.h
check_cpp
BEGIN /var/folders/7R/7RsF4j3CHKC-8tIunycBS++++TI/-Tmp-//libdlna-14428-30497-15199.c
     1	#include <altivec.h>
     2	int x;
END /var/folders/7R/7RsF4j3CHKC-8tIunycBS++++TI/-Tmp-//libdlna-14428-30497-15199.c
arm-none-linux-gnueabi-gcc -E -o /var/folders/7R/7RsF4j3CHKC-8tIunycBS++++TI/-Tmp-//libdlna-3818-30497-6514.o /var/folders/7R/7RsF4j3CHKC-8tIunycBS++++TI/-Tmp-//libdlna-14428-30497-15199.c
/var/folders/7R/7RsF4j3CHKC-8tIunycBS++++TI/-Tmp-//libdlna-14428-30497-15199.c:1:21: error: altivec.h: No such file or directory
check_cc -msse
BEGIN /var/folders/7R/7RsF4j3CHKC-8tIunycBS++++TI/-Tmp-//libdlna-14428-30497-15199.c
     1	#include <xmmintrin.h>
     2	int main(void) {
     3	#if __GNUC__ > 3 || (__GNUC__ == 3 && __GNUC_MINOR__ >= 2)
     4	return 0;
     5	#else
     6	#error no vector builtins
     7	#endif
     8	}
END /var/folders/7R/7RsF4j3CHKC-8tIunycBS++++TI/-Tmp-//libdlna-14428-30497-15199.c
arm-none-linux-gnueabi-gcc -msse -c -o /var/folders/7R/7RsF4j3CHKC-8tIunycBS++++TI/-Tmp-//libdlna-3818-30497-6514.o /var/folders/7R/7RsF4j3CHKC-8tIunycBS++++TI/-Tmp-//libdlna-14428-30497-15199.c
cc1: error: unrecognized command line option "-msse"
check_cc -march=athlon
BEGIN /var/folders/7R/7RsF4j3CHKC-8tIunycBS++++TI/-Tmp-//libdlna-14428-30497-15199.c
     1	#include <mm3dnow.h>
     2	int main(void) {
     3	__m64 b1;
     4	b1 = _m_pswapd(b1);
     5	_m_femms();
     6	return 0;
     7	}
END /var/folders/7R/7RsF4j3CHKC-8tIunycBS++++TI/-Tmp-//libdlna-14428-30497-15199.c
arm-none-linux-gnueabi-gcc -march=athlon -c -o /var/folders/7R/7RsF4j3CHKC-8tIunycBS++++TI/-Tmp-//libdlna-3818-30497-6514.o /var/folders/7R/7RsF4j3CHKC-8tIunycBS++++TI/-Tmp-//libdlna-14428-30497-15199.c
/var/folders/7R/7RsF4j3CHKC-8tIunycBS++++TI/-Tmp-//libdlna-14428-30497-15199.c:1: error: bad value (athlon) for -march= switch
check_cflags -W
check_cc -W
BEGIN /var/folders/7R/7RsF4j3CHKC-8tIunycBS++++TI/-Tmp-//libdlna-14428-30497-15199.c
     1	int x;
END /var/folders/7R/7RsF4j3CHKC-8tIunycBS++++TI/-Tmp-//libdlna-14428-30497-15199.c
arm-none-linux-gnueabi-gcc -W -c -o /var/folders/7R/7RsF4j3CHKC-8tIunycBS++++TI/-Tmp-//libdlna-3818-30497-6514.o /var/folders/7R/7RsF4j3CHKC-8tIunycBS++++TI/-Tmp-//libdlna-14428-30497-15199.c
check_cflags -Wall
check_cc -Wall
BEGIN /var/folders/7R/7RsF4j3CHKC-8tIunycBS++++TI/-Tmp-//libdlna-14428-30497-15199.c
     1	int x;
END /var/folders/7R/7RsF4j3CHKC-8tIunycBS++++TI/-Tmp-//libdlna-14428-30497-15199.c
arm-none-linux-gnueabi-gcc -W -Wall -c -o /var/folders/7R/7RsF4j3CHKC-8tIunycBS++++TI/-Tmp-//libdlna-3818-30497-6514.o /var/folders/7R/7RsF4j3CHKC-8tIunycBS++++TI/-Tmp-//libdlna-14428-30497-15199.c
check_cflags -D_LARGEFILE_SOURCE
check_cc -D_LARGEFILE_SOURCE
BEGIN /var/folders/7R/7RsF4j3CHKC-8tIunycBS++++TI/-Tmp-//libdlna-14428-30497-15199.c
     1	int x;
END /var/folders/7R/7RsF4j3CHKC-8tIunycBS++++TI/-Tmp-//libdlna-14428-30497-15199.c
arm-none-linux-gnueabi-gcc -W -Wall -D_LARGEFILE_SOURCE -c -o /var/folders/7R/7RsF4j3CHKC-8tIunycBS++++TI/-Tmp-//libdlna-3818-30497-6514.o /var/folders/7R/7RsF4j3CHKC-8tIunycBS++++TI/-Tmp-//libdlna-14428-30497-15199.c
check_cflags -D_FILE_OFFSET_BITS=64
check_cc -D_FILE_OFFSET_BITS=64
BEGIN /var/folders/7R/7RsF4j3CHKC-8tIunycBS++++TI/-Tmp-//libdlna-14428-30497-15199.c
     1	int x;
END /var/folders/7R/7RsF4j3CHKC-8tIunycBS++++TI/-Tmp-//libdlna-14428-30497-15199.c
arm-none-linux-gnueabi-gcc -W -Wall -D_LARGEFILE_SOURCE -D_FILE_OFFSET_BITS=64 -c -o /var/folders/7R/7RsF4j3CHKC-8tIunycBS++++TI/-Tmp-//libdlna-3818-30497-6514.o /var/folders/7R/7RsF4j3CHKC-8tIunycBS++++TI/-Tmp-//libdlna-14428-30497-15199.c
check_cflags -D_REENTRANT
check_cc -D_REENTRANT
BEGIN /var/folders/7R/7RsF4j3CHKC-8tIunycBS++++TI/-Tmp-//libdlna-14428-30497-15199.c
     1	int x;
END /var/folders/7R/7RsF4j3CHKC-8tIunycBS++++TI/-Tmp-//libdlna-14428-30497-15199.c
arm-none-linux-gnueabi-gcc -W -Wall -D_LARGEFILE_SOURCE -D_FILE_OFFSET_BITS=64 -D_REENTRANT -c -o /var/folders/7R/7RsF4j3CHKC-8tIunycBS++++TI/-Tmp-//libdlna-3818-30497-6514.o /var/folders/7R/7RsF4j3CHKC-8tIunycBS++++TI/-Tmp-//libdlna-14428-30497-15199.c
Checking for libavformat ...
check_lib ffmpeg/avformat.h av_register_all -lavformat
check_header ffmpeg/avformat.h
check_cpp
BEGIN /var/folders/7R/7RsF4j3CHKC-8tIunycBS++++TI/-Tmp-//libdlna-14428-30497-15199.c
     1	#include <ffmpeg/avformat.h>
     2	int x;
END /var/folders/7R/7RsF4j3CHKC-8tIunycBS++++TI/-Tmp-//libdlna-14428-30497-15199.c
arm-none-linux-gnueabi-gcc -W -Wall -D_LARGEFILE_SOURCE -D_FILE_OFFSET_BITS=64 -D_REENTRANT -O3 -E -o /var/folders/7R/7RsF4j3CHKC-8tIunycBS++++TI/-Tmp-//libdlna-3818-30497-6514.o /var/folders/7R/7RsF4j3CHKC-8tIunycBS++++TI/-Tmp-//libdlna-14428-30497-15199.c
/var/folders/7R/7RsF4j3CHKC-8tIunycBS++++TI/-Tmp-//libdlna-14428-30497-15199.c:1:29: error: ffmpeg/avformat.h: No such file or directory
Error, can't find libavformat !
